<?xml version="1.0" encoding="UTF-8"?>
<coverage generated="1741003480973" clover="3.2.0">
  <project timestamp="1741003480973" name="All files">
    <metrics statements="93" coveredstatements="66" conditionals="45" coveredconditionals="20" methods="24" coveredmethods="19" elements="162" coveredelements="105" complexity="0" loc="93" ncloc="93" packages="8" files="8" classes="8"/>
    <package name="components.common.ErrorBoundary">
      <metrics statements="8" coveredstatements="8" conditionals="4" coveredconditionals="3" methods="4" coveredmethods="4"/>
      <file name="ErrorBoundary.tsx" path="C:\Users\balaj\Downloads\source\geotab-fullstack-takehome\react-dotnet\my-app\src\components\common\ErrorBoundary\ErrorBoundary.tsx">
        <metrics statements="8" coveredstatements="8" conditionals="4" coveredconditionals="3" methods="4" coveredmethods="4"/>
        <line num="19" count="3" type="stmt"/>
        <line num="20" count="3" type="stmt"/>
        <line num="28" count="2" type="stmt"/>
        <line num="36" count="1" type="stmt"/>
        <line num="37" count="1" type="stmt"/>
        <line num="41" count="5" type="cond" truecount="2" falsecount="0"/>
        <line num="42" count="2" type="stmt"/>
        <line num="45" count="3" type="stmt"/>
      </file>
    </package>
    <package name="components.common.ErrorThrower">
      <metrics statements="2" coveredstatements="2" conditionals="0" coveredconditionals="0" methods="1" coveredmethods="1"/>
      <file name="ErrorThrower.tsx" path="C:\Users\balaj\Downloads\source\geotab-fullstack-takehome\react-dotnet\my-app\src\components\common\ErrorThrower\ErrorThrower.tsx">
        <metrics statements="2" coveredstatements="2" conditionals="0" coveredconditionals="0" methods="1" coveredmethods="1"/>
        <line num="9" count="3" type="stmt"/>
        <line num="11" count="8" type="stmt"/>
      </file>
    </package>
    <package name="components.common.Toast">
      <metrics statements="7" coveredstatements="7" conditionals="3" coveredconditionals="2" methods="2" coveredmethods="2"/>
      <file name="Toast.tsx" path="C:\Users\balaj\Downloads\source\geotab-fullstack-takehome\react-dotnet\my-app\src\components\common\Toast\Toast.tsx">
        <metrics statements="7" coveredstatements="7" conditionals="3" coveredconditionals="2" methods="2" coveredmethods="2"/>
        <line num="11" count="2" type="stmt"/>
        <line num="16" count="3" type="stmt"/>
        <line num="19" count="3" type="stmt"/>
        <line num="20" count="1" type="stmt"/>
        <line num="21" count="1" type="cond" truecount="1" falsecount="1"/>
        <line num="22" count="1" type="stmt"/>
        <line num="26" count="3" type="stmt"/>
      </file>
    </package>
    <package name="components.joke.CategorySelector">
      <metrics statements="3" coveredstatements="3" conditionals="2" coveredconditionals="1" methods="2" coveredmethods="2"/>
      <file name="CategorySelector.tsx" path="C:\Users\balaj\Downloads\source\geotab-fullstack-takehome\react-dotnet\my-app\src\components\joke\CategorySelector\CategorySelector.tsx">
        <metrics statements="3" coveredstatements="3" conditionals="2" coveredconditionals="1" methods="2" coveredmethods="2"/>
        <line num="20" count="1" type="stmt"/>
        <line num="26" count="1" type="stmt"/>
        <line num="43" count="2" type="stmt"/>
      </file>
    </package>
    <package name="components.joke.JokeCard">
      <metrics statements="2" coveredstatements="2" conditionals="2" coveredconditionals="1" methods="1" coveredmethods="1"/>
      <file name="JokeCard.tsx" path="C:\Users\balaj\Downloads\source\geotab-fullstack-takehome\react-dotnet\my-app\src\components\joke\JokeCard\JokeCard.tsx">
        <metrics statements="2" coveredstatements="2" conditionals="2" coveredconditionals="1" methods="1" coveredmethods="1"/>
        <line num="11" count="3" type="stmt"/>
        <line num="12" count="4" type="stmt"/>
      </file>
    </package>
    <package name="components.joke.JokeControls">
      <metrics statements="3" coveredstatements="3" conditionals="6" coveredconditionals="5" methods="2" coveredmethods="2"/>
      <file name="JokeControls.tsx" path="C:\Users\balaj\Downloads\source\geotab-fullstack-takehome\react-dotnet\my-app\src\components\joke\JokeControls\JokeControls.tsx">
        <metrics statements="3" coveredstatements="3" conditionals="6" coveredconditionals="5" methods="2" coveredmethods="2"/>
        <line num="29" count="2" type="stmt"/>
        <line num="39" count="9" type="stmt"/>
        <line num="58" count="14" type="stmt"/>
      </file>
    </package>
    <package name="components.joke.JokeList">
      <metrics statements="5" coveredstatements="5" conditionals="2" coveredconditionals="2" methods="2" coveredmethods="2"/>
      <file name="JokeList.tsx" path="C:\Users\balaj\Downloads\source\geotab-fullstack-takehome\react-dotnet\my-app\src\components\joke\JokeList\JokeList.tsx">
        <metrics statements="5" coveredstatements="5" conditionals="2" coveredconditionals="2" methods="2" coveredmethods="2"/>
        <line num="12" count="2" type="stmt"/>
        <line num="13" count="6" type="cond" truecount="2" falsecount="0"/>
        <line num="14" count="5" type="stmt"/>
        <line num="17" count="1" type="stmt"/>
        <line num="25" count="2" type="stmt"/>
      </file>
    </package>
    <package name="pages.Home">
      <metrics statements="63" coveredstatements="36" conditionals="26" coveredconditionals="6" methods="10" coveredmethods="5"/>
      <file name="Home.tsx" path="C:\Users\balaj\Downloads\source\geotab-fullstack-takehome\react-dotnet\my-app\src\pages\Home\Home.tsx">
        <metrics statements="63" coveredstatements="36" conditionals="26" coveredconditionals="6" methods="10" coveredmethods="5"/>
        <line num="19" count="1" type="stmt"/>
        <line num="20" count="5" type="stmt"/>
        <line num="23" count="5" type="stmt"/>
        <line num="24" count="4" type="stmt"/>
        <line num="25" count="4" type="stmt"/>
        <line num="28" count="4" type="stmt"/>
        <line num="29" count="4" type="stmt"/>
        <line num="30" count="4" type="stmt"/>
        <line num="33" count="4" type="stmt"/>
        <line num="42" count="4" type="stmt"/>
        <line num="45" count="4" type="stmt"/>
        <line num="46" count="4" type="stmt"/>
        <line num="49" count="4" type="stmt"/>
        <line num="50" count="2" type="stmt"/>
        <line num="51" count="2" type="stmt"/>
        <line num="53" count="2" type="stmt"/>
        <line num="55" count="2" type="stmt"/>
        <line num="61" count="2" type="cond" truecount="1" falsecount="1"/>
        <line num="62" count="2" type="stmt"/>
        <line num="65" count="0" type="stmt"/>
        <line num="66" count="0" type="stmt"/>
        <line num="73" count="2" type="stmt"/>
        <line num="77" count="4" type="stmt"/>
        <line num="78" count="2" type="cond" truecount="1" falsecount="1"/>
        <line num="79" count="0" type="stmt"/>
        <line num="84" count="4" type="stmt"/>
        <line num="85" count="2" type="stmt"/>
        <line num="86" count="2" type="stmt"/>
        <line num="88" count="2" type="stmt"/>
        <line num="89" count="2" type="stmt"/>
        <line num="90" count="2" type="stmt"/>
        <line num="92" count="0" type="stmt"/>
        <line num="93" count="0" type="stmt"/>
        <line num="96" count="0" type="cond" truecount="0" falsecount="4"/>
        <line num="98" count="0" type="stmt"/>
        <line num="104" count="2" type="stmt"/>
        <line num="109" count="4" type="stmt"/>
        <line num="110" count="0" type="stmt"/>
        <line num="114" count="4" type="stmt"/>
        <line num="115" count="0" type="stmt"/>
        <line num="116" count="0" type="cond" truecount="0" falsecount="4"/>
        <line num="117" count="0" type="stmt"/>
        <line num="122" count="4" type="stmt"/>
        <line num="123" count="0" type="cond" truecount="0" falsecount="4"/>
        <line num="124" count="0" type="stmt"/>
        <line num="125" count="0" type="stmt"/>
        <line num="128" count="0" type="stmt"/>
        <line num="130" count="0" type="stmt"/>
        <line num="131" count="0" type="stmt"/>
        <line num="132" count="0" type="stmt"/>
        <line num="135" count="0" type="cond" truecount="0" falsecount="4"/>
        <line num="136" count="0" type="stmt"/>
        <line num="138" count="0" type="stmt"/>
        <line num="139" count="0" type="stmt"/>
        <line num="142" count="0" type="stmt"/>
        <line num="147" count="4" type="stmt"/>
        <line num="148" count="0" type="stmt"/>
        <line num="149" count="0" type="stmt"/>
        <line num="153" count="4" type="stmt"/>
        <line num="154" count="0" type="stmt"/>
        <line num="158" count="4" type="cond" truecount="3" falsecount="1"/>
        <line num="159" count="0" type="stmt"/>
        <line num="164" count="4" type="stmt"/>
      </file>
    </package>
  </project>
</coverage>
