{"C:\\Users\\balaj\\Downloads\\source\\geotab-fullstack-takehome\\react-dotnet\\my-app\\src\\components\\common\\ErrorBoundary\\ErrorBoundary.tsx": {"path":"C:\\Users\\balaj\\Downloads\\source\\geotab-fullstack-takehome\\react-dotnet\\my-app\\src\\components\\common\\ErrorBoundary\\ErrorBoundary.tsx","statementMap":{"0":{"start":{"line":19,"column":4},"end":{"line":19,"column":17}},"1":{"start":{"line":20,"column":4},"end":{"line":23,"column":6}},"2":{"start":{"line":28,"column":4},"end":{"line":31,"column":6}},"3":{"start":{"line":36,"column":4},"end":{"line":36,"column":54}},"4":{"start":{"line":37,"column":4},"end":{"line":37,"column":64}},"5":{"start":{"line":41,"column":4},"end":{"line":43,"column":5}},"6":{"start":{"line":42,"column":6},"end":{"line":42,"column":61}},"7":{"start":{"line":45,"column":4},"end":{"line":45,"column":31}}},"fnMap":{"0":{"name":"(anonymous_0)","decl":{"start":{"line":18,"column":2},"end":{"line":18,"column":3}},"loc":{"start":{"line":18,"column":28},"end":{"line":24,"column":3}},"line":18},"1":{"name":"(anonymous_1)","decl":{"start":{"line":27,"column":2},"end":{"line":27,"column":3}},"loc":{"start":{"line":27,"column":55},"end":{"line":32,"column":3}},"line":27},"2":{"name":"(anonymous_2)","decl":{"start":{"line":35,"column":2},"end":{"line":35,"column":3}},"loc":{"start":{"line":35,"column":62},"end":{"line":38,"column":3}},"line":35},"3":{"name":"(anonymous_3)","decl":{"start":{"line":40,"column":2},"end":{"line":40,"column":3}},"loc":{"start":{"line":40,"column":22},"end":{"line":46,"column":3}},"line":40}},"branchMap":{"0":{"loc":{"start":{"line":30,"column":20},"end":{"line":30,"column":59}},"type":"binary-expr","locations":[{"start":{"line":30,"column":20},"end":{"line":30,"column":33}},{"start":{"line":30,"column":37},"end":{"line":30,"column":59}}],"line":30},"1":{"loc":{"start":{"line":41,"column":4},"end":{"line":43,"column":5}},"type":"if","locations":[{"start":{"line":41,"column":4},"end":{"line":43,"column":5}},{"start":{},"end":{}}],"line":41}},"s":{"0":3,"1":3,"2":2,"3":1,"4":1,"5":5,"6":2,"7":3},"f":{"0":3,"1":2,"2":1,"3":5},"b":{"0":[2,0],"1":[2,3]},"_coverageSchema":"1a1c01bbd47fc00a2c39e90264f33305004495a9","hash":"712bfa59ea6423f11f0b2933190dab1db85302a0"}
,"C:\\Users\\balaj\\Downloads\\source\\geotab-fullstack-takehome\\react-dotnet\\my-app\\src\\components\\common\\ErrorThrower\\ErrorThrower.tsx": {"path":"C:\\Users\\balaj\\Downloads\\source\\geotab-fullstack-takehome\\react-dotnet\\my-app\\src\\components\\common\\ErrorThrower\\ErrorThrower.tsx","statementMap":{"0":{"start":{"line":9,"column":50},"end":{"line":12,"column":1}},"1":{"start":{"line":11,"column":2},"end":{"line":11,"column":27}}},"fnMap":{"0":{"name":"(anonymous_0)","decl":{"start":{"line":9,"column":50},"end":{"line":9,"column":51}},"loc":{"start":{"line":9,"column":67},"end":{"line":12,"column":1}},"line":9}},"branchMap":{},"s":{"0":3,"1":8},"f":{"0":8},"b":{},"_coverageSchema":"1a1c01bbd47fc00a2c39e90264f33305004495a9","hash":"1ab80be04bc54fb0a95a5df6a616c1d2d3e94b89"}
,"C:\\Users\\balaj\\Downloads\\source\\geotab-fullstack-takehome\\react-dotnet\\my-app\\src\\components\\common\\Toast\\Toast.tsx": {"path":"C:\\Users\\balaj\\Downloads\\source\\geotab-fullstack-takehome\\react-dotnet\\my-app\\src\\components\\common\\Toast\\Toast.tsx","statementMap":{"0":{"start":{"line":11,"column":36},"end":{"line":38,"column":1}},"1":{"start":{"line":16,"column":26},"end":{"line":16,"column":40}},"2":{"start":{"line":19,"column":22},"end":{"line":24,"column":3}},"3":{"start":{"line":20,"column":4},"end":{"line":20,"column":19}},"4":{"start":{"line":21,"column":4},"end":{"line":23,"column":5}},"5":{"start":{"line":22,"column":6},"end":{"line":22,"column":16}},"6":{"start":{"line":26,"column":2},"end":{"line":37,"column":4}}},"fnMap":{"0":{"name":"(anonymous_0)","decl":{"start":{"line":11,"column":36},"end":{"line":11,"column":37}},"loc":{"start":{"line":15,"column":6},"end":{"line":38,"column":1}},"line":15},"1":{"name":"(anonymous_1)","decl":{"start":{"line":19,"column":22},"end":{"line":19,"column":23}},"loc":{"start":{"line":19,"column":28},"end":{"line":24,"column":3}},"line":19}},"branchMap":{"0":{"loc":{"start":{"line":13,"column":2},"end":{"line":13,"column":20}},"type":"default-arg","locations":[{"start":{"line":13,"column":13},"end":{"line":13,"column":20}}],"line":13},"1":{"loc":{"start":{"line":21,"column":4},"end":{"line":23,"column":5}},"type":"if","locations":[{"start":{"line":21,"column":4},"end":{"line":23,"column":5}},{"start":{},"end":{}}],"line":21}},"s":{"0":2,"1":3,"2":3,"3":1,"4":1,"5":1,"6":3},"f":{"0":3,"1":1},"b":{"0":[2],"1":[1,0]},"_coverageSchema":"1a1c01bbd47fc00a2c39e90264f33305004495a9","hash":"b34ba961e526a9875494ffb506f78f8d0fcbe7ed"}
,"C:\\Users\\balaj\\Downloads\\source\\geotab-fullstack-takehome\\react-dotnet\\my-app\\src\\components\\joke\\CategorySelector\\CategorySelector.tsx": {"path":"C:\\Users\\balaj\\Downloads\\source\\geotab-fullstack-takehome\\react-dotnet\\my-app\\src\\components\\joke\\CategorySelector\\CategorySelector.tsx","statementMap":{"0":{"start":{"line":20,"column":58},"end":{"line":51,"column":1}},"1":{"start":{"line":26,"column":2},"end":{"line":50,"column":4}},"2":{"start":{"line":43,"column":12},"end":{"line":45,"column":23}}},"fnMap":{"0":{"name":"(anonymous_0)","decl":{"start":{"line":20,"column":58},"end":{"line":20,"column":59}},"loc":{"start":{"line":25,"column":6},"end":{"line":51,"column":1}},"line":25},"1":{"name":"(anonymous_1)","decl":{"start":{"line":42,"column":26},"end":{"line":42,"column":27}},"loc":{"start":{"line":43,"column":12},"end":{"line":45,"column":23}},"line":43}},"branchMap":{"0":{"loc":{"start":{"line":37,"column":9},"end":{"line":47,"column":9}},"type":"cond-expr","locations":[{"start":{"line":38,"column":10},"end":{"line":40,"column":21}},{"start":{"line":42,"column":10},"end":{"line":46,"column":12}}],"line":37}},"s":{"0":1,"1":1,"2":2},"f":{"0":1,"1":2},"b":{"0":[0,1]},"_coverageSchema":"1a1c01bbd47fc00a2c39e90264f33305004495a9","hash":"03ead5a3173fc307fcfd21cc0684be3720c79075"}
,"C:\\Users\\balaj\\Downloads\\source\\geotab-fullstack-takehome\\react-dotnet\\my-app\\src\\components\\joke\\JokeCard\\JokeCard.tsx": {"path":"C:\\Users\\balaj\\Downloads\\source\\geotab-fullstack-takehome\\react-dotnet\\my-app\\src\\components\\joke\\JokeCard\\JokeCard.tsx","statementMap":{"0":{"start":{"line":11,"column":42},"end":{"line":56,"column":1}},"1":{"start":{"line":12,"column":2},"end":{"line":55,"column":4}}},"fnMap":{"0":{"name":"(anonymous_0)","decl":{"start":{"line":11,"column":42},"end":{"line":11,"column":43}},"loc":{"start":{"line":11,"column":56},"end":{"line":56,"column":1}},"line":11}},"branchMap":{"0":{"loc":{"start":{"line":37,"column":17},"end":{"line":37,"column":57}},"type":"binary-expr","locations":[{"start":{"line":37,"column":17},"end":{"line":37,"column":29}},{"start":{"line":37,"column":33},"end":{"line":37,"column":57}}],"line":37}},"s":{"0":3,"1":4},"f":{"0":4},"b":{"0":[4,0]},"_coverageSchema":"1a1c01bbd47fc00a2c39e90264f33305004495a9","hash":"9f238c4b2ead5456d37080b5214dbf0596bea468"}
,"C:\\Users\\balaj\\Downloads\\source\\geotab-fullstack-takehome\\react-dotnet\\my-app\\src\\components\\joke\\JokeControls\\JokeControls.tsx": {"path":"C:\\Users\\balaj\\Downloads\\source\\geotab-fullstack-takehome\\react-dotnet\\my-app\\src\\components\\joke\\JokeControls\\JokeControls.tsx","statementMap":{"0":{"start":{"line":29,"column":50},"end":{"line":94,"column":1}},"1":{"start":{"line":39,"column":2},"end":{"line":93,"column":4}},"2":{"start":{"line":58,"column":16},"end":{"line":60,"column":27}}},"fnMap":{"0":{"name":"(anonymous_0)","decl":{"start":{"line":29,"column":50},"end":{"line":29,"column":51}},"loc":{"start":{"line":38,"column":6},"end":{"line":94,"column":1}},"line":38},"1":{"name":"(anonymous_1)","decl":{"start":{"line":57,"column":30},"end":{"line":57,"column":31}},"loc":{"start":{"line":58,"column":16},"end":{"line":60,"column":27}},"line":58}},"branchMap":{"0":{"loc":{"start":{"line":52,"column":13},"end":{"line":62,"column":13}},"type":"cond-expr","locations":[{"start":{"line":53,"column":14},"end":{"line":55,"column":25}},{"start":{"line":57,"column":14},"end":{"line":61,"column":16}}],"line":52},"1":{"loc":{"start":{"line":86,"column":23},"end":{"line":86,"column":77}},"type":"cond-expr","locations":[{"start":{"line":86,"column":40},"end":{"line":86,"column":70}},{"start":{"line":86,"column":73},"end":{"line":86,"column":77}}],"line":86},"2":{"loc":{"start":{"line":88,"column":13},"end":{"line":88,"column":64}},"type":"cond-expr","locations":[{"start":{"line":88,"column":30},"end":{"line":88,"column":45}},{"start":{"line":88,"column":48},"end":{"line":88,"column":64}}],"line":88}},"s":{"0":2,"1":9,"2":14},"f":{"0":9,"1":14},"b":{"0":[0,9],"1":[1,8],"2":[1,8]},"_coverageSchema":"1a1c01bbd47fc00a2c39e90264f33305004495a9","hash":"b4198f152d56cedc6615a3465f9c5067bf26ca2a"}
,"C:\\Users\\balaj\\Downloads\\source\\geotab-fullstack-takehome\\react-dotnet\\my-app\\src\\components\\joke\\JokeList\\JokeList.tsx": {"path":"C:\\Users\\balaj\\Downloads\\source\\geotab-fullstack-takehome\\react-dotnet\\my-app\\src\\components\\joke\\JokeList\\JokeList.tsx","statementMap":{"0":{"start":{"line":12,"column":42},"end":{"line":32,"column":1}},"1":{"start":{"line":13,"column":2},"end":{"line":15,"column":3}},"2":{"start":{"line":14,"column":4},"end":{"line":14,"column":16}},"3":{"start":{"line":17,"column":2},"end":{"line":31,"column":4}},"4":{"start":{"line":25,"column":10},"end":{"line":27,"column":17}}},"fnMap":{"0":{"name":"(anonymous_0)","decl":{"start":{"line":12,"column":42},"end":{"line":12,"column":43}},"loc":{"start":{"line":12,"column":57},"end":{"line":32,"column":1}},"line":12},"1":{"name":"(anonymous_1)","decl":{"start":{"line":24,"column":19},"end":{"line":24,"column":20}},"loc":{"start":{"line":25,"column":10},"end":{"line":27,"column":17}},"line":25}},"branchMap":{"0":{"loc":{"start":{"line":13,"column":2},"end":{"line":15,"column":3}},"type":"if","locations":[{"start":{"line":13,"column":2},"end":{"line":15,"column":3}},{"start":{},"end":{}}],"line":13}},"s":{"0":2,"1":6,"2":5,"3":1,"4":2},"f":{"0":6,"1":2},"b":{"0":[5,1]},"_coverageSchema":"1a1c01bbd47fc00a2c39e90264f33305004495a9","hash":"e6dee00b8dc77aee4ded96e2650ef4e555caf8da"}
,"C:\\Users\\balaj\\Downloads\\source\\geotab-fullstack-takehome\\react-dotnet\\my-app\\src\\pages\\Home\\Home.tsx": {"path":"C:\\Users\\balaj\\Downloads\\source\\geotab-fullstack-takehome\\react-dotnet\\my-app\\src\\pages\\Home\\Home.tsx","statementMap":{"0":{"start":{"line":19,"column":23},"end":{"line":201,"column":1}},"1":{"start":{"line":20,"column":19},"end":{"line":20,"column":32}},"2":{"start":{"line":23,"column":34},"end":{"line":23,"column":58}},"3":{"start":{"line":24,"column":44},"end":{"line":24,"column":65}},"4":{"start":{"line":25,"column":28},"end":{"line":25,"column":48}},"5":{"start":{"line":28,"column":38},"end":{"line":28,"column":71}},"6":{"start":{"line":29,"column":52},"end":{"line":29,"column":76}},"7":{"start":{"line":30,"column":48},"end":{"line":30,"column":77}},"8":{"start":{"line":33,"column":36},"end":{"line":39,"column":4}},"9":{"start":{"line":42,"column":42},"end":{"line":42,"column":66}},"10":{"start":{"line":45,"column":36},"end":{"line":45,"column":60}},"11":{"start":{"line":46,"column":42},"end":{"line":46,"column":62}},"12":{"start":{"line":49,"column":2},"end":{"line":74,"column":9}},"13":{"start":{"line":50,"column":35},"end":{"line":71,"column":5}},"14":{"start":{"line":51,"column":6},"end":{"line":70,"column":7}},"15":{"start":{"line":53,"column":26},"end":{"line":53,"column":48}},"16":{"start":{"line":55,"column":8},"end":{"line":58,"column":11}},"17":{"start":{"line":61,"column":8},"end":{"line":63,"column":9}},"18":{"start":{"line":62,"column":10},"end":{"line":62,"column":27}},"19":{"start":{"line":65,"column":8},"end":{"line":65,"column":52}},"20":{"start":{"line":66,"column":8},"end":{"line":69,"column":11}},"21":{"start":{"line":73,"column":4},"end":{"line":73,"column":29}},"22":{"start":{"line":77,"column":2},"end":{"line":81,"column":24}},"23":{"start":{"line":78,"column":4},"end":{"line":80,"column":5}},"24":{"start":{"line":79,"column":6},"end":{"line":79,"column":38}},"25":{"start":{"line":84,"column":25},"end":{"line":106,"column":3}},"26":{"start":{"line":85,"column":4},"end":{"line":85,"column":31}},"27":{"start":{"line":86,"column":4},"end":{"line":86,"column":29}},"28":{"start":{"line":88,"column":4},"end":{"line":105,"column":5}},"29":{"start":{"line":89,"column":19},"end":{"line":89,"column":40}},"30":{"start":{"line":90,"column":6},"end":{"line":90,"column":26}},"31":{"start":{"line":92,"column":6},"end":{"line":92,"column":54}},"32":{"start":{"line":93,"column":6},"end":{"line":93,"column":57}},"33":{"start":{"line":96,"column":6},"end":{"line":102,"column":7}},"34":{"start":{"line":98,"column":8},"end":{"line":101,"column":11}},"35":{"start":{"line":104,"column":6},"end":{"line":104,"column":34}},"36":{"start":{"line":109,"column":31},"end":{"line":111,"column":3}},"37":{"start":{"line":110,"column":4},"end":{"line":110,"column":36}},"38":{"start":{"line":114,"column":29},"end":{"line":119,"column":3}},"39":{"start":{"line":115,"column":18},"end":{"line":115,"column":36}},"40":{"start":{"line":116,"column":4},"end":{"line":118,"column":5}},"41":{"start":{"line":117,"column":6},"end":{"line":117,"column":30}},"42":{"start":{"line":122,"column":30},"end":{"line":144,"column":3}},"43":{"start":{"line":123,"column":4},"end":{"line":126,"column":5}},"44":{"start":{"line":124,"column":6},"end":{"line":124,"column":69}},"45":{"start":{"line":125,"column":6},"end":{"line":125,"column":13}},"46":{"start":{"line":128,"column":4},"end":{"line":128,"column":26}},"47":{"start":{"line":130,"column":4},"end":{"line":143,"column":5}},"48":{"start":{"line":131,"column":23},"end":{"line":131,"column":62}},"49":{"start":{"line":132,"column":6},"end":{"line":132,"column":25}},"50":{"start":{"line":135,"column":6},"end":{"line":140,"column":7}},"51":{"start":{"line":136,"column":8},"end":{"line":136,"column":32}},"52":{"start":{"line":138,"column":8},"end":{"line":138,"column":47}},"53":{"start":{"line":139,"column":8},"end":{"line":139,"column":54}},"54":{"start":{"line":142,"column":6},"end":{"line":142,"column":29}},"55":{"start":{"line":147,"column":25},"end":{"line":150,"column":3}},"56":{"start":{"line":148,"column":4},"end":{"line":148,"column":29}},"57":{"start":{"line":149,"column":4},"end":{"line":149,"column":23}},"58":{"start":{"line":153,"column":27},"end":{"line":155,"column":3}},"59":{"start":{"line":154,"column":4},"end":{"line":154,"column":24}},"60":{"start":{"line":158,"column":2},"end":{"line":162,"column":3}},"61":{"start":{"line":159,"column":4},"end":{"line":161,"column":6}},"62":{"start":{"line":164,"column":2},"end":{"line":200,"column":4}}},"fnMap":{"0":{"name":"(anonymous_0)","decl":{"start":{"line":19,"column":23},"end":{"line":19,"column":24}},"loc":{"start":{"line":19,"column":29},"end":{"line":201,"column":1}},"line":19},"1":{"name":"(anonymous_1)","decl":{"start":{"line":49,"column":12},"end":{"line":49,"column":13}},"loc":{"start":{"line":49,"column":18},"end":{"line":74,"column":3}},"line":49},"2":{"name":"(anonymous_2)","decl":{"start":{"line":50,"column":35},"end":{"line":50,"column":36}},"loc":{"start":{"line":50,"column":47},"end":{"line":71,"column":5}},"line":50},"3":{"name":"(anonymous_3)","decl":{"start":{"line":77,"column":12},"end":{"line":77,"column":13}},"loc":{"start":{"line":77,"column":18},"end":{"line":81,"column":3}},"line":77},"4":{"name":"(anonymous_4)","decl":{"start":{"line":84,"column":25},"end":{"line":84,"column":26}},"loc":{"start":{"line":84,"column":37},"end":{"line":106,"column":3}},"line":84},"5":{"name":"(anonymous_5)","decl":{"start":{"line":109,"column":31},"end":{"line":109,"column":32}},"loc":{"start":{"line":109,"column":61},"end":{"line":111,"column":3}},"line":109},"6":{"name":"(anonymous_6)","decl":{"start":{"line":114,"column":29},"end":{"line":114,"column":30}},"loc":{"start":{"line":114,"column":77},"end":{"line":119,"column":3}},"line":114},"7":{"name":"(anonymous_7)","decl":{"start":{"line":122,"column":30},"end":{"line":122,"column":31}},"loc":{"start":{"line":122,"column":42},"end":{"line":144,"column":3}},"line":122},"8":{"name":"(anonymous_8)","decl":{"start":{"line":147,"column":25},"end":{"line":147,"column":26}},"loc":{"start":{"line":147,"column":46},"end":{"line":150,"column":3}},"line":147},"9":{"name":"(anonymous_9)","decl":{"start":{"line":153,"column":27},"end":{"line":153,"column":28}},"loc":{"start":{"line":153,"column":33},"end":{"line":155,"column":3}},"line":153}},"branchMap":{"0":{"loc":{"start":{"line":61,"column":8},"end":{"line":63,"column":9}},"type":"if","locations":[{"start":{"line":61,"column":8},"end":{"line":63,"column":9}},{"start":{},"end":{}}],"line":61},"1":{"loc":{"start":{"line":78,"column":4},"end":{"line":80,"column":5}},"type":"if","locations":[{"start":{"line":78,"column":4},"end":{"line":80,"column":5}},{"start":{},"end":{}}],"line":78},"2":{"loc":{"start":{"line":96,"column":6},"end":{"line":102,"column":7}},"type":"if","locations":[{"start":{"line":96,"column":6},"end":{"line":102,"column":7}},{"start":{},"end":{}}],"line":96},"3":{"loc":{"start":{"line":96,"column":10},"end":{"line":96,"column":57}},"type":"binary-expr","locations":[{"start":{"line":96,"column":10},"end":{"line":96,"column":24}},{"start":{"line":96,"column":28},"end":{"line":96,"column":57}}],"line":96},"4":{"loc":{"start":{"line":116,"column":4},"end":{"line":118,"column":5}},"type":"if","locations":[{"start":{"line":116,"column":4},"end":{"line":118,"column":5}},{"start":{},"end":{}}],"line":116},"5":{"loc":{"start":{"line":116,"column":8},"end":{"line":116,"column":45}},"type":"binary-expr","locations":[{"start":{"line":116,"column":8},"end":{"line":116,"column":29}},{"start":{"line":116,"column":33},"end":{"line":116,"column":45}}],"line":116},"6":{"loc":{"start":{"line":123,"column":4},"end":{"line":126,"column":5}},"type":"if","locations":[{"start":{"line":123,"column":4},"end":{"line":126,"column":5}},{"start":{},"end":{}}],"line":123},"7":{"loc":{"start":{"line":123,"column":8},"end":{"line":123,"column":35}},"type":"binary-expr","locations":[{"start":{"line":123,"column":8},"end":{"line":123,"column":17}},{"start":{"line":123,"column":21},"end":{"line":123,"column":35}}],"line":123},"8":{"loc":{"start":{"line":135,"column":6},"end":{"line":140,"column":7}},"type":"if","locations":[{"start":{"line":135,"column":6},"end":{"line":140,"column":7}},{"start":{"line":137,"column":13},"end":{"line":140,"column":7}}],"line":135},"9":{"loc":{"start":{"line":135,"column":10},"end":{"line":135,"column":57}},"type":"binary-expr","locations":[{"start":{"line":135,"column":10},"end":{"line":135,"column":24}},{"start":{"line":135,"column":28},"end":{"line":135,"column":57}}],"line":135},"10":{"loc":{"start":{"line":158,"column":2},"end":{"line":162,"column":3}},"type":"if","locations":[{"start":{"line":158,"column":2},"end":{"line":162,"column":3}},{"start":{},"end":{}}],"line":158},"11":{"loc":{"start":{"line":158,"column":6},"end":{"line":158,"column":49}},"type":"binary-expr","locations":[{"start":{"line":158,"column":6},"end":{"line":158,"column":25}},{"start":{"line":158,"column":29},"end":{"line":158,"column":49}}],"line":158},"12":{"loc":{"start":{"line":192,"column":7},"end":{"line":198,"column":7}},"type":"binary-expr","locations":[{"start":{"line":192,"column":7},"end":{"line":192,"column":16}},{"start":{"line":193,"column":8},"end":{"line":197,"column":10}}],"line":192}},"s":{"0":1,"1":5,"2":5,"3":4,"4":4,"5":4,"6":4,"7":4,"8":4,"9":4,"10":4,"11":4,"12":4,"13":2,"14":2,"15":2,"16":2,"17":2,"18":2,"19":0,"20":0,"21":2,"22":4,"23":2,"24":0,"25":4,"26":2,"27":2,"28":2,"29":2,"30":2,"31":0,"32":0,"33":0,"34":0,"35":2,"36":4,"37":0,"38":4,"39":0,"40":0,"41":0,"42":4,"43":0,"44":0,"45":0,"46":0,"47":0,"48":0,"49":0,"50":0,"51":0,"52":0,"53":0,"54":0,"55":4,"56":0,"57":0,"58":4,"59":0,"60":4,"61":0,"62":4},"f":{"0":5,"1":2,"2":2,"3":2,"4":2,"5":0,"6":0,"7":0,"8":0,"9":0},"b":{"0":[2,0],"1":[0,2],"2":[0,0],"3":[0,0],"4":[0,0],"5":[0,0],"6":[0,0],"7":[0,0],"8":[0,0],"9":[0,0],"10":[0,4],"11":[4,2],"12":[4,0]},"_coverageSchema":"1a1c01bbd47fc00a2c39e90264f33305004495a9","hash":"4a84648d978b41c7cfb4c5b279dbf0d8be155f72"}
}
