TN:
SF:src\components\common\ErrorBoundary\ErrorBoundary.tsx
FN:18,(anonymous_0)
FN:27,(anonymous_1)
FN:35,(anonymous_2)
FN:40,(anonymous_3)
FNF:4
FNH:4
FNDA:3,(anonymous_0)
FNDA:2,(anonymous_1)
FNDA:1,(anonymous_2)
FNDA:5,(anonymous_3)
DA:19,3
DA:20,3
DA:28,2
DA:36,1
DA:37,1
DA:41,5
DA:42,2
DA:45,3
LF:8
LH:8
BRDA:30,0,0,2
BRDA:30,0,1,0
BRDA:41,1,0,2
BRDA:41,1,1,3
BRF:4
BRH:3
end_of_record
TN:
SF:src\components\common\ErrorThrower\ErrorThrower.tsx
FN:9,(anonymous_0)
FNF:1
FNH:1
FNDA:8,(anonymous_0)
DA:9,3
DA:11,8
LF:2
LH:2
BRF:0
BRH:0
end_of_record
TN:
SF:src\components\common\Toast\Toast.tsx
FN:11,(anonymous_0)
FN:19,(anonymous_1)
FNF:2
FNH:2
FNDA:3,(anonymous_0)
FNDA:1,(anonymous_1)
DA:11,2
DA:16,3
DA:19,3
DA:20,1
DA:21,1
DA:22,1
DA:26,3
LF:7
LH:7
BRDA:13,0,0,2
BRDA:21,1,0,1
BRDA:21,1,1,0
BRF:3
BRH:2
end_of_record
TN:
SF:src\components\joke\CategorySelector\CategorySelector.tsx
FN:20,(anonymous_0)
FN:42,(anonymous_1)
FNF:2
FNH:2
FNDA:1,(anonymous_0)
FNDA:2,(anonymous_1)
DA:20,1
DA:26,1
DA:43,2
LF:3
LH:3
BRDA:37,0,0,0
BRDA:37,0,1,1
BRF:2
BRH:1
end_of_record
TN:
SF:src\components\joke\JokeCard\JokeCard.tsx
FN:11,(anonymous_0)
FNF:1
FNH:1
FNDA:4,(anonymous_0)
DA:11,3
DA:12,4
LF:2
LH:2
BRDA:37,0,0,4
BRDA:37,0,1,0
BRF:2
BRH:1
end_of_record
TN:
SF:src\components\joke\JokeControls\JokeControls.tsx
FN:29,(anonymous_0)
FN:57,(anonymous_1)
FNF:2
FNH:2
FNDA:9,(anonymous_0)
FNDA:14,(anonymous_1)
DA:29,2
DA:39,9
DA:58,14
LF:3
LH:3
BRDA:52,0,0,0
BRDA:52,0,1,9
BRDA:86,1,0,1
BRDA:86,1,1,8
BRDA:88,2,0,1
BRDA:88,2,1,8
BRF:6
BRH:5
end_of_record
TN:
SF:src\components\joke\JokeList\JokeList.tsx
FN:12,(anonymous_0)
FN:24,(anonymous_1)
FNF:2
FNH:2
FNDA:6,(anonymous_0)
FNDA:2,(anonymous_1)
DA:12,2
DA:13,6
DA:14,5
DA:17,1
DA:25,2
LF:5
LH:5
BRDA:13,0,0,5
BRDA:13,0,1,1
BRF:2
BRH:2
end_of_record
TN:
SF:src\pages\Home\Home.tsx
FN:19,(anonymous_0)
FN:49,(anonymous_1)
FN:50,(anonymous_2)
FN:77,(anonymous_3)
FN:84,(anonymous_4)
FN:109,(anonymous_5)
FN:114,(anonymous_6)
FN:122,(anonymous_7)
FN:147,(anonymous_8)
FN:153,(anonymous_9)
FNF:10
FNH:5
FNDA:5,(anonymous_0)
FNDA:2,(anonymous_1)
FNDA:2,(anonymous_2)
FNDA:2,(anonymous_3)
FNDA:2,(anonymous_4)
FNDA:0,(anonymous_5)
FNDA:0,(anonymous_6)
FNDA:0,(anonymous_7)
FNDA:0,(anonymous_8)
FNDA:0,(anonymous_9)
DA:19,1
DA:20,5
DA:23,5
DA:24,4
DA:25,4
DA:28,4
DA:29,4
DA:30,4
DA:33,4
DA:42,4
DA:45,4
DA:46,4
DA:49,4
DA:50,2
DA:51,2
DA:53,2
DA:55,2
DA:61,2
DA:62,2
DA:65,0
DA:66,0
DA:73,2
DA:77,4
DA:78,2
DA:79,0
DA:84,4
DA:85,2
DA:86,2
DA:88,2
DA:89,2
DA:90,2
DA:92,0
DA:93,0
DA:96,0
DA:98,0
DA:104,2
DA:109,4
DA:110,0
DA:114,4
DA:115,0
DA:116,0
DA:117,0
DA:122,4
DA:123,0
DA:124,0
DA:125,0
DA:128,0
DA:130,0
DA:131,0
DA:132,0
DA:135,0
DA:136,0
DA:138,0
DA:139,0
DA:142,0
DA:147,4
DA:148,0
DA:149,0
DA:153,4
DA:154,0
DA:158,4
DA:159,0
DA:164,4
LF:63
LH:36
BRDA:61,0,0,2
BRDA:61,0,1,0
BRDA:78,1,0,0
BRDA:78,1,1,2
BRDA:96,2,0,0
BRDA:96,2,1,0
BRDA:96,3,0,0
BRDA:96,3,1,0
BRDA:116,4,0,0
BRDA:116,4,1,0
BRDA:116,5,0,0
BRDA:116,5,1,0
BRDA:123,6,0,0
BRDA:123,6,1,0
BRDA:123,7,0,0
BRDA:123,7,1,0
BRDA:135,8,0,0
BRDA:135,8,1,0
BRDA:135,9,0,0
BRDA:135,9,1,0
BRDA:158,10,0,0
BRDA:158,10,1,4
BRDA:158,11,0,4
BRDA:158,11,1,2
BRDA:192,12,0,4
BRDA:192,12,1,0
BRF:26
BRH:6
end_of_record
